info:[13/Nov/2023:13:07:27 -0400] ::1 - - [13/Nov/2023:17:07:27 +0000] "GET /users HTTP/1.1" 404 144 "-" "Mozilla/5.0 (Windows NT 10.0; Win64; x64) AppleWebKit/537.36 (KHTML, like Gecko) Chrome/119.0.0.0 Safari/537.36"
info:[13/Nov/2023:13:09:04 -0400] ::1 - - [13/Nov/2023:17:09:04 +0000] "GET /user HTTP/1.1" 404 143 "-" "Mozilla/5.0 (Windows NT 10.0; Win64; x64) AppleWebKit/537.36 (KHTML, like Gecko) Chrome/119.0.0.0 Safari/537.36"
info:[13/Nov/2023:13:09:07 -0400] ::1 - - [13/Nov/2023:17:09:07 +0000] "GET /users HTTP/1.1" 404 144 "-" "Mozilla/5.0 (Windows NT 10.0; Win64; x64) AppleWebKit/537.36 (KHTML, like Gecko) Chrome/119.0.0.0 Safari/537.36"
info:[13/Nov/2023:13:09:18 -0400] ::1 - - [13/Nov/2023:17:09:18 +0000] "GET /users/1 HTTP/1.1" 404 28 "-" "Mozilla/5.0 (Windows NT 10.0; Win64; x64) AppleWebKit/537.36 (KHTML, like Gecko) Chrome/119.0.0.0 Safari/537.36"
info:[13/Nov/2023:13:15:16 -0400] ::1 - - [13/Nov/2023:17:15:16 +0000] "POST /users HTTP/1.1" 400 14 "-" "PostmanRuntime/7.33.0"
info:[13/Nov/2023:13:15:32 -0400] ::1 - - [13/Nov/2023:17:15:32 +0000] "GET /users/1 HTTP/1.1" 404 28 "-" "Mozilla/5.0 (Windows NT 10.0; Win64; x64) AppleWebKit/537.36 (KHTML, like Gecko) Chrome/119.0.0.0 Safari/537.36"
info:[13/Nov/2023:13:15:32 -0400] ::1 - - [13/Nov/2023:17:15:32 +0000] "GET /favicon.ico HTTP/1.1" 404 150 "http://localhost:3000/users/1" "Mozilla/5.0 (Windows NT 10.0; Win64; x64) AppleWebKit/537.36 (KHTML, like Gecko) Chrome/119.0.0.0 Safari/537.36"
info:[13/Nov/2023:13:15:34 -0400] ::1 - - [13/Nov/2023:17:15:34 +0000] "GET /users HTTP/1.1" 404 144 "-" "Mozilla/5.0 (Windows NT 10.0; Win64; x64) AppleWebKit/537.36 (KHTML, like Gecko) Chrome/119.0.0.0 Safari/537.36"
info:[13/Nov/2023:13:15:41 -0400] ::1 - - [13/Nov/2023:17:15:41 +0000] "GET /users/2 HTTP/1.1" 404 28 "-" "Mozilla/5.0 (Windows NT 10.0; Win64; x64) AppleWebKit/537.36 (KHTML, like Gecko) Chrome/119.0.0.0 Safari/537.36"
info:[13/Nov/2023:13:27:58 -0400] ::1 - - [13/Nov/2023:17:27:58 +0000] "POST /users HTTP/1.1" 400 14 "-" "PostmanRuntime/7.33.0"
info:[13/Nov/2023:13:28:03 -0400] ::1 - - [13/Nov/2023:17:28:03 +0000] "POST /users HTTP/1.1" 400 14 "-" "PostmanRuntime/7.33.0"
info:[13/Nov/2023:13:28:17 -0400] ::1 - - [13/Nov/2023:17:28:17 +0000] "GET /users HTTP/1.1" 404 144 "-" "PostmanRuntime/7.33.0"
info:[13/Nov/2023:13:28:32 -0400] ::1 - - [13/Nov/2023:17:28:32 +0000] "GET /users/1 HTTP/1.1" 404 28 "-" "PostmanRuntime/7.33.0"
info:[13/Nov/2023:13:28:36 -0400] ::1 - - [13/Nov/2023:17:28:36 +0000] "GET /users/2 HTTP/1.1" 404 28 "-" "PostmanRuntime/7.33.0"
info:[13/Nov/2023:13:30:07 -0400] ::1 - - [13/Nov/2023:17:30:07 +0000] "POST /users/ HTTP/1.1" 400 14 "-" "PostmanRuntime/7.33.0"
info:[13/Nov/2023:13:30:15 -0400] ::1 - - [13/Nov/2023:17:30:15 +0000] "POST / HTTP/1.1" 404 140 "-" "PostmanRuntime/7.33.0"
info:[13/Nov/2023:13:30:22 -0400] ::1 - - [13/Nov/2023:17:30:22 +0000] "POST /users HTTP/1.1" 400 14 "-" "PostmanRuntime/7.33.0"
info:[13/Nov/2023:13:44:38 -0400] ::1 - - [13/Nov/2023:17:44:38 +0000] "GET / HTTP/1.1" 304 - "-" "Mozilla/5.0 (Windows NT 10.0; Win64; x64) AppleWebKit/537.36 (KHTML, like Gecko) Chrome/119.0.0.0 Safari/537.36"
info:[13/Nov/2023:13:45:26 -0400] ::1 - - [13/Nov/2023:17:45:26 +0000] "GET /users HTTP/1.1" 404 144 "-" "Mozilla/5.0 (Windows NT 10.0; Win64; x64) AppleWebKit/537.36 (KHTML, like Gecko) Chrome/119.0.0.0 Safari/537.36"
info:[13/Nov/2023:13:45:27 -0400] ::1 - - [13/Nov/2023:17:45:27 +0000] "GET /users HTTP/1.1" 404 144 "-" "Mozilla/5.0 (Windows NT 10.0; Win64; x64) AppleWebKit/537.36 (KHTML, like Gecko) Chrome/119.0.0.0 Safari/537.36"
info:[13/Nov/2023:13:45:30 -0400] ::1 - - [13/Nov/2023:17:45:30 +0000] "GET /users/1 HTTP/1.1" 404 28 "-" "Mozilla/5.0 (Windows NT 10.0; Win64; x64) AppleWebKit/537.36 (KHTML, like Gecko) Chrome/119.0.0.0 Safari/537.36"
info:[13/Nov/2023:14:07:41 -0400] ::1 - - [13/Nov/2023:18:07:41 +0000] "POST /users/ HTTP/1.1" 400 1075 "-" "PostmanRuntime/7.33.0"
info:[13/Nov/2023:14:09:09 -0400] ::1 - - [13/Nov/2023:18:09:09 +0000] "POST /users/ HTTP/1.1" 201 194 "-" "PostmanRuntime/7.33.0"
info:[13/Nov/2023:14:09:26 -0400] estoy dentro del UserById Controller
info:[13/Nov/2023:14:09:26 -0400] estoy dentro del UserById Service
info:[13/Nov/2023:14:09:26 -0400] Alguna información relevante
info:[13/Nov/2023:14:09:26 -0400] ::1 - - [13/Nov/2023:18:09:26 +0000] "GET /users/8af3cf07-a9f3-404c-8a62-a8d7f888e6a9 HTTP/1.1" 200 110 "-" "Mozilla/5.0 (Windows NT 10.0; Win64; x64) AppleWebKit/537.36 (KHTML, like Gecko) Chrome/119.0.0.0 Safari/537.36"
error:[13/Nov/2023:14:16:45 -0400] Error en Create user ER_DUP_ENTRY: Duplicate entry 'awita@cmohm.com' for key 'user_entity.IDX_415c35b9b3b6fe45a3b065030f'
info:[13/Nov/2023:14:16:45 -0400] ::1 - - [13/Nov/2023:18:16:45 +0000] "POST /users/ HTTP/1.1" 400 1138 "-" "PostmanRuntime/7.33.0"
info:[13/Nov/2023:14:20:14 -0400] Creando usuario en Repository
info:[13/Nov/2023:14:20:14 -0400] ::1 - - [13/Nov/2023:18:20:14 +0000] "POST /users/ HTTP/1.1" 201 188 "-" "PostmanRuntime/7.33.0"
info:[13/Nov/2023:14:20:20 -0400] Creando usuario en Repository
error:[13/Nov/2023:14:20:20 -0400] Error en Create user ER_DUP_ENTRY: Duplicate entry 'amy@saa.com' for key 'user_entity.IDX_415c35b9b3b6fe45a3b065030f'
info:[13/Nov/2023:14:20:20 -0400] ::1 - - [13/Nov/2023:18:20:20 +0000] "POST /users/ HTTP/1.1" 400 1118 "-" "PostmanRuntime/7.33.0"
info:[13/Nov/2023:14:21:37 -0400] estoy dentro del UserById Controller
info:[13/Nov/2023:14:21:37 -0400] estoy dentro del UserById Service
info:[13/Nov/2023:14:21:37 -0400] Alguna información relevante
info:[13/Nov/2023:14:21:37 -0400] ::1 - - [13/Nov/2023:18:21:37 +0000] "GET /users/8af3cf07-a9f3-404c-8a62-a8d7f888e6a9 HTTP/1.1" 304 - "-" "Mozilla/5.0 (Windows NT 10.0; Win64; x64) AppleWebKit/537.36 (KHTML, like Gecko) Chrome/119.0.0.0 Safari/537.36"
info:[13/Nov/2023:14:26:19 -0400] Creando usuario en Repository
info:[13/Nov/2023:14:26:19 -0400] ::1 - - [13/Nov/2023:18:26:19 +0000] "POST /users/ HTTP/1.1" 201 189 "-" "PostmanRuntime/7.33.0"
info:[13/Nov/2023:14:28:04 -0400] Creando usuario en Repository
debug:[13/Nov/2023:14:28:04 -0400] Datos del nuevo usuario: 
debug:[13/Nov/2023:14:28:04 -0400] Datos del nuevo usuario: 
info:[13/Nov/2023:14:28:04 -0400] ::1 - - [13/Nov/2023:18:28:04 +0000] "POST /users/ HTTP/1.1" 201 190 "-" "PostmanRuntime/7.33.0"
info:[14/Nov/2023:07:37:13 -0400] ::1 - - [14/Nov/2023:11:37:13 +0000] "GET / HTTP/1.1" 304 - "-" "Mozilla/5.0 (Windows NT 10.0; Win64; x64) AppleWebKit/537.36 (KHTML, like Gecko) Chrome/119.0.0.0 Safari/537.36"
info:[14/Nov/2023:07:37:13 -0400] ::1 - - [14/Nov/2023:11:37:13 +0000] "GET /favicon.ico HTTP/1.1" 404 150 "http://localhost:3000/" "Mozilla/5.0 (Windows NT 10.0; Win64; x64) AppleWebKit/537.36 (KHTML, like Gecko) Chrome/119.0.0.0 Safari/537.36"
info:[14/Nov/2023:07:40:29 -0400] ::1 - - [14/Nov/2023:11:40:29 +0000] "GET / HTTP/1.1" 304 - "-" "Mozilla/5.0 (Windows NT 10.0; Win64; x64) AppleWebKit/537.36 (KHTML, like Gecko) Chrome/119.0.0.0 Safari/537.36"
info:[14/Nov/2023:07:40:38 -0400] estoy dentro del UserById Controller
info:[14/Nov/2023:07:40:38 -0400] estoy dentro del UserById Service
debug:[14/Nov/2023:07:40:38 -0400] esto es
info:[14/Nov/2023:07:40:38 -0400] Alguna información relevante
info:[14/Nov/2023:07:40:38 -0400] ::1 - - [14/Nov/2023:11:40:38 +0000] "GET /users/1 HTTP/1.1" 200 73 "-" "Mozilla/5.0 (Windows NT 10.0; Win64; x64) AppleWebKit/537.36 (KHTML, like Gecko) Chrome/119.0.0.0 Safari/537.36"
info:[14/Nov/2023:07:45:42 -0400] ::1 - - [14/Nov/2023:11:45:42 +0000] "POST /users/1 HTTP/1.1" 404 147 "-" "PostmanRuntime/7.35.0"
info:[14/Nov/2023:07:46:37 -0400] Actualizando información de usuario en Repository
debug:[14/Nov/2023:07:46:37 -0400] Usuario actualizado: 
info:[14/Nov/2023:07:46:37 -0400] ::1 - - [14/Nov/2023:11:46:37 +0000] "PUT /users/1 HTTP/1.1" 201 179 "-" "PostmanRuntime/7.35.0"
info:[14/Nov/2023:07:46:49 -0400] estoy dentro del UserById Controller
info:[14/Nov/2023:07:46:49 -0400] estoy dentro del UserById Service
debug:[14/Nov/2023:07:46:49 -0400] esto es
info:[14/Nov/2023:07:46:49 -0400] Alguna información relevante
info:[14/Nov/2023:07:46:49 -0400] ::1 - - [14/Nov/2023:11:46:49 +0000] "GET /users/1 HTTP/1.1" 200 99 "-" "Mozilla/5.0 (Windows NT 10.0; Win64; x64) AppleWebKit/537.36 (KHTML, like Gecko) Chrome/119.0.0.0 Safari/537.36"
info:[14/Nov/2023:07:50:18 -0400] Eliminando usuario en Repository
debug:[14/Nov/2023:07:50:18 -0400] Usuario eliminado correctamente
info:[14/Nov/2023:07:50:18 -0400] ::1 - - [14/Nov/2023:11:50:18 +0000] "DELETE /users/8af3cf07-a9f3-404c-8a62-a8d7f888e6a9 HTTP/1.1" 201 66 "-" "PostmanRuntime/7.35.0"
info:[14/Nov/2023:10:31:12 -0400] Creando usuario en Repository
debug:[14/Nov/2023:10:31:12 -0400] Datos del nuevo usuario: 
debug:[14/Nov/2023:10:31:12 -0400] Datos del nuevo usuario: 
info:[14/Nov/2023:10:31:12 -0400] ::1 - - [14/Nov/2023:14:31:12 +0000] "POST /roles HTTP/1.1" 201 89 "-" "PostmanRuntime/7.35.0"
info:[14/Nov/2023:10:31:42 -0400] Actualizando información de rol en Repository
debug:[14/Nov/2023:10:31:42 -0400] Rol actualizado: 
info:[14/Nov/2023:10:31:42 -0400] ::1 - - [14/Nov/2023:14:31:42 +0000] "PUT /roles/71b12a34-3bff-455d-874d-0147b94f1787 HTTP/1.1" 201 106 "-" "PostmanRuntime/7.35.0"
info:[14/Nov/2023:10:31:50 -0400] estoy dentro del UserById Controller
info:[14/Nov/2023:10:31:50 -0400] estoy dentro del GET de ROL by ID Service
debug:[14/Nov/2023:10:31:50 -0400] prueba de si funca el debug, parece que no 
info:[14/Nov/2023:10:31:50 -0400] Alguna información relevante
info:[14/Nov/2023:10:31:50 -0400] ::1 - - [14/Nov/2023:14:31:50 +0000] "GET /roles/71b12a34-3bff-455d-874d-0147b94f1787 HTTP/1.1" 200 106 "-" "PostmanRuntime/7.35.0"
info:[14/Nov/2023:10:31:56 -0400] Eliminando rol en Repository
debug:[14/Nov/2023:10:31:56 -0400] Rol eliminado correctamente
info:[14/Nov/2023:10:31:56 -0400] ::1 - - [14/Nov/2023:14:31:56 +0000] "DELETE /roles/71b12a34-3bff-455d-874d-0147b94f1787 HTTP/1.1" 201 62 "-" "PostmanRuntime/7.35.0"
info:[14/Nov/2023:10:34:03 -0400] estoy dentro del UserById Controller
info:[14/Nov/2023:10:34:03 -0400] estoy dentro del GET de ROL by ID Service
debug:[14/Nov/2023:10:34:03 -0400] prueba de si funca el debug, parece que no 
info:[14/Nov/2023:10:34:03 -0400] Alguna información relevante
info:[14/Nov/2023:10:34:03 -0400] ::1 - - [14/Nov/2023:14:34:03 +0000] "GET /roles/1 HTTP/1.1" 200 77 "-" "PostmanRuntime/7.35.0"
info:[14/Nov/2023:10:34:12 -0400] Actualizando información de rol en Repository
debug:[14/Nov/2023:10:34:12 -0400] Rol actualizado: 
info:[14/Nov/2023:10:34:12 -0400] ::1 - - [14/Nov/2023:14:34:12 +0000] "PUT /roles/1 HTTP/1.1" 201 71 "-" "PostmanRuntime/7.35.0"
info:[14/Nov/2023:13:41:02 -0400] Actualizando información de rol en Repository
debug:[14/Nov/2023:13:41:02 -0400] Rol actualizado: 
info:[14/Nov/2023:13:41:02 -0400] ::1 - - [14/Nov/2023:17:41:02 +0000] "PUT /roles/1 HTTP/1.1" 201 75 "-" "PostmanRuntime/7.35.0"
info:[14/Nov/2023:13:41:19 -0400] estoy dentro del UserById Controller
info:[14/Nov/2023:13:41:19 -0400] estoy dentro del UserById Service
debug:[14/Nov/2023:13:41:19 -0400] esto es
info:[14/Nov/2023:13:41:19 -0400] Alguna información relevante
info:[14/Nov/2023:13:41:19 -0400] ::1 - - [14/Nov/2023:17:41:19 +0000] "GET /users/1 HTTP/1.1" 200 99 "-" "PostmanRuntime/7.35.0"
info: estoy dentro del UserById Controller {"timestamp":"16/Nov/2023:10:00:19 -0400"}
info: estoy dentro del UserById Service {"timestamp":"16/Nov/2023:10:00:19 -0400"}
debug: esto es {"timestamp":"16/Nov/2023:10:00:19 -0400"}
info: Alguna información relevante {"timestamp":"16/Nov/2023:10:00:19 -0400"}
info: ::1 - - [16/Nov/2023:14:00:19 +0000] "GET /users/1 HTTP/1.1" 200 99 "-" "PostmanRuntime/7.35.0" {"timestamp":"16/Nov/2023:10:00:19 -0400"}
info: Alguna información relevante {"timestamp":"16/Nov/2023:10:07:41 -0400"}
info: Creando usuario en Repository {"timestamp":"16/Nov/2023:10:07:41 -0400"}
error: Error en Create user data and salt arguments required {"stack":"Error: data and salt arguments required\n    at Object.hashSync (C:\\Users\\Ambar\\Documents\\UPB\\CertBackend\\Curso-Backend\\nodejs\\lesson01\\sql-app\\node_modules\\bcrypt\\bcrypt.js:91:15)\n    at UserRepositoryImpl.<anonymous> (C:\\Users\\Ambar\\Documents\\UPB\\CertBackend\\Curso-Backend\\nodejs\\lesson01\\sql-app\\src\\infrastucture\\repositories\\user.reposity.ts:35:25)\n    at Generator.next (<anonymous>)\n    at C:\\Users\\Ambar\\Documents\\UPB\\CertBackend\\Curso-Backend\\nodejs\\lesson01\\sql-app\\src\\infrastucture\\repositories\\user.reposity.ts:8:71\n    at new Promise (<anonymous>)\n    at __awaiter (C:\\Users\\Ambar\\Documents\\UPB\\CertBackend\\Curso-Backend\\nodejs\\lesson01\\sql-app\\src\\infrastucture\\repositories\\user.reposity.ts:4:12)\n    at UserRepositoryImpl.createUser (C:\\Users\\Ambar\\Documents\\UPB\\CertBackend\\Curso-Backend\\nodejs\\lesson01\\sql-app\\src\\infrastucture\\repositories\\user.reposity.ts:44:16)\n    at UserService.<anonymous> (C:\\Users\\Ambar\\Documents\\UPB\\CertBackend\\Curso-Backend\\nodejs\\lesson01\\sql-app\\src\\app\\services\\user.service.ts:46:36)\n    at Generator.next (<anonymous>)\n    at fulfilled (C:\\Users\\Ambar\\Documents\\UPB\\CertBackend\\Curso-Backend\\nodejs\\lesson01\\sql-app\\src\\app\\services\\user.service.ts:5:58)","timestamp":"16/Nov/2023:10:07:41 -0400"}
info: ::1 - - [16/Nov/2023:14:07:41 +0000] "POST /users HTTP/1.1" 400 14 "-" "PostmanRuntime/7.35.0" {"timestamp":"16/Nov/2023:10:07:41 -0400"}
info: Alguna información relevante {"timestamp":"16/Nov/2023:10:08:59 -0400"}
info: Creando usuario en Repository {"timestamp":"16/Nov/2023:10:08:59 -0400"}
error: Error en Create user data and salt arguments required {"stack":"Error: data and salt arguments required\n    at Object.hashSync (C:\\Users\\Ambar\\Documents\\UPB\\CertBackend\\Curso-Backend\\nodejs\\lesson01\\sql-app\\node_modules\\bcrypt\\bcrypt.js:91:15)\n    at UserRepositoryImpl.<anonymous> (C:\\Users\\Ambar\\Documents\\UPB\\CertBackend\\Curso-Backend\\nodejs\\lesson01\\sql-app\\src\\infrastucture\\repositories\\user.reposity.ts:35:25)\n    at Generator.next (<anonymous>)\n    at C:\\Users\\Ambar\\Documents\\UPB\\CertBackend\\Curso-Backend\\nodejs\\lesson01\\sql-app\\src\\infrastucture\\repositories\\user.reposity.ts:8:71\n    at new Promise (<anonymous>)\n    at __awaiter (C:\\Users\\Ambar\\Documents\\UPB\\CertBackend\\Curso-Backend\\nodejs\\lesson01\\sql-app\\src\\infrastucture\\repositories\\user.reposity.ts:4:12)\n    at UserRepositoryImpl.createUser (C:\\Users\\Ambar\\Documents\\UPB\\CertBackend\\Curso-Backend\\nodejs\\lesson01\\sql-app\\src\\infrastucture\\repositories\\user.reposity.ts:44:16)\n    at UserService.<anonymous> (C:\\Users\\Ambar\\Documents\\UPB\\CertBackend\\Curso-Backend\\nodejs\\lesson01\\sql-app\\src\\app\\services\\user.service.ts:46:36)\n    at Generator.next (<anonymous>)\n    at fulfilled (C:\\Users\\Ambar\\Documents\\UPB\\CertBackend\\Curso-Backend\\nodejs\\lesson01\\sql-app\\src\\app\\services\\user.service.ts:5:58)","timestamp":"16/Nov/2023:10:08:59 -0400"}
info: ::1 - - [16/Nov/2023:14:08:59 +0000] "POST /users HTTP/1.1" 400 14 "-" "PostmanRuntime/7.35.0" {"timestamp":"16/Nov/2023:10:08:59 -0400"}
info: Alguna información relevante {"timestamp":"16/Nov/2023:10:09:20 -0400"}
info: Creando usuario en Repository {"timestamp":"16/Nov/2023:10:09:20 -0400"}
error: Error en Create user data and salt arguments required {"stack":"Error: data and salt arguments required\n    at Object.hashSync (C:\\Users\\Ambar\\Documents\\UPB\\CertBackend\\Curso-Backend\\nodejs\\lesson01\\sql-app\\node_modules\\bcrypt\\bcrypt.js:91:15)\n    at UserRepositoryImpl.<anonymous> (C:\\Users\\Ambar\\Documents\\UPB\\CertBackend\\Curso-Backend\\nodejs\\lesson01\\sql-app\\src\\infrastucture\\repositories\\user.reposity.ts:35:25)\n    at Generator.next (<anonymous>)\n    at C:\\Users\\Ambar\\Documents\\UPB\\CertBackend\\Curso-Backend\\nodejs\\lesson01\\sql-app\\src\\infrastucture\\repositories\\user.reposity.ts:8:71\n    at new Promise (<anonymous>)\n    at __awaiter (C:\\Users\\Ambar\\Documents\\UPB\\CertBackend\\Curso-Backend\\nodejs\\lesson01\\sql-app\\src\\infrastucture\\repositories\\user.reposity.ts:4:12)\n    at UserRepositoryImpl.createUser (C:\\Users\\Ambar\\Documents\\UPB\\CertBackend\\Curso-Backend\\nodejs\\lesson01\\sql-app\\src\\infrastucture\\repositories\\user.reposity.ts:44:16)\n    at UserService.<anonymous> (C:\\Users\\Ambar\\Documents\\UPB\\CertBackend\\Curso-Backend\\nodejs\\lesson01\\sql-app\\src\\app\\services\\user.service.ts:46:36)\n    at Generator.next (<anonymous>)\n    at fulfilled (C:\\Users\\Ambar\\Documents\\UPB\\CertBackend\\Curso-Backend\\nodejs\\lesson01\\sql-app\\src\\app\\services\\user.service.ts:5:58)","timestamp":"16/Nov/2023:10:09:20 -0400"}
info: ::1 - - [16/Nov/2023:14:09:20 +0000] "POST /users/ HTTP/1.1" 400 14 "-" "PostmanRuntime/7.35.0" {"timestamp":"16/Nov/2023:10:09:20 -0400"}
info: Alguna información relevante {"timestamp":"16/Nov/2023:10:14:22 -0400"}
info: Creando usuario en Repository {"timestamp":"16/Nov/2023:10:14:22 -0400"}
error: Error en Create user data and salt arguments required {"stack":"Error: data and salt arguments required\n    at Object.hashSync (C:\\Users\\Ambar\\Documents\\UPB\\CertBackend\\Curso-Backend\\nodejs\\lesson01\\sql-app\\node_modules\\bcrypt\\bcrypt.js:91:15)\n    at UserRepositoryImpl.<anonymous> (C:\\Users\\Ambar\\Documents\\UPB\\CertBackend\\Curso-Backend\\nodejs\\lesson01\\sql-app\\src\\infrastucture\\repositories\\user.reposity.ts:35:25)\n    at Generator.next (<anonymous>)\n    at C:\\Users\\Ambar\\Documents\\UPB\\CertBackend\\Curso-Backend\\nodejs\\lesson01\\sql-app\\src\\infrastucture\\repositories\\user.reposity.ts:8:71\n    at new Promise (<anonymous>)\n    at __awaiter (C:\\Users\\Ambar\\Documents\\UPB\\CertBackend\\Curso-Backend\\nodejs\\lesson01\\sql-app\\src\\infrastucture\\repositories\\user.reposity.ts:4:12)\n    at UserRepositoryImpl.createUser (C:\\Users\\Ambar\\Documents\\UPB\\CertBackend\\Curso-Backend\\nodejs\\lesson01\\sql-app\\src\\infrastucture\\repositories\\user.reposity.ts:44:16)\n    at UserService.<anonymous> (C:\\Users\\Ambar\\Documents\\UPB\\CertBackend\\Curso-Backend\\nodejs\\lesson01\\sql-app\\src\\app\\services\\user.service.ts:46:36)\n    at Generator.next (<anonymous>)\n    at fulfilled (C:\\Users\\Ambar\\Documents\\UPB\\CertBackend\\Curso-Backend\\nodejs\\lesson01\\sql-app\\src\\app\\services\\user.service.ts:5:58)","timestamp":"16/Nov/2023:10:14:22 -0400"}
info: ::1 - - [16/Nov/2023:14:14:22 +0000] "POST /users/ HTTP/1.1" 400 14 "-" "PostmanRuntime/7.35.0" {"timestamp":"16/Nov/2023:10:14:22 -0400"}
info: Alguna información relevante {"timestamp":"16/Nov/2023:10:15:12 -0400"}
info: Creando usuario en Repository {"timestamp":"16/Nov/2023:10:15:12 -0400"}
info: ::1 - - [16/Nov/2023:14:15:13 +0000] "POST /users/ HTTP/1.1" 201 306 "-" "PostmanRuntime/7.35.0" {"timestamp":"16/Nov/2023:10:15:13 -0400"}
info: estoy dentro del UserById Controller {"timestamp":"16/Nov/2023:10:23:14 -0400"}
info: estoy dentro del UserById Service {"timestamp":"16/Nov/2023:10:23:14 -0400"}
debug: esto es {"timestamp":"16/Nov/2023:10:23:14 -0400"}
info: Alguna información relevante {"timestamp":"16/Nov/2023:10:23:14 -0400"}
info: ::1 - - [16/Nov/2023:14:23:14 +0000] "GET /users/26c244fd-3a32-4fc8-ab72-e279a33fc259 HTTP/1.1" 200 106 "-" "PostmanRuntime/7.35.0" {"timestamp":"16/Nov/2023:10:23:14 -0400"}
info: ::1 - - [16/Nov/2023:14:26:37 +0000] "GET /permissions/ HTTP/1.1" 404 151 "-" "PostmanRuntime/7.35.0" {"timestamp":"16/Nov/2023:10:26:37 -0400"}
info: Creando usuario en Repository {"timestamp":"16/Nov/2023:10:26:44 -0400"}
debug: Datos del nuevo usuario:  {"description":"prueba de permiso con create","name":"permiso mágico","timestamp":"16/Nov/2023:10:26:44 -0400"}
debug: Datos del nuevo usuario:  {"description":"prueba de permiso con create","id":"4f56f336-9ea7-4eb1-b441-74ae759bd40b","name":"permiso mágico","timestamp":"16/Nov/2023:10:26:44 -0400"}
info: ::1 - - [16/Nov/2023:14:26:44 +0000] "POST /permissions/ HTTP/1.1" 201 115 "-" "PostmanRuntime/7.35.0" {"timestamp":"16/Nov/2023:10:26:44 -0400"}
info: estoy dentro del UserById Controller {"timestamp":"16/Nov/2023:10:28:00 -0400"}
info: estoy dentro del GET de ROL by ID Service {"timestamp":"16/Nov/2023:10:28:00 -0400"}
debug: prueba de si funca el debug, parece que no  {"timestamp":"16/Nov/2023:10:28:00 -0400"}
info: Alguna información relevante {"timestamp":"16/Nov/2023:10:28:00 -0400"}
info: ::1 - - [16/Nov/2023:14:28:00 +0000] "GET /permissions/1 HTTP/1.1" 200 75 "-" "PostmanRuntime/7.35.0" {"timestamp":"16/Nov/2023:10:28:00 -0400"}
info: estoy dentro del UserById Controller {"timestamp":"16/Nov/2023:10:29:37 -0400"}
info: estoy dentro del GET de ROL by ID Service {"timestamp":"16/Nov/2023:10:29:37 -0400"}
debug: prueba de si funca el debug, parece que no  {"timestamp":"16/Nov/2023:10:29:37 -0400"}
info: Alguna información relevante {"timestamp":"16/Nov/2023:10:29:37 -0400"}
info: ::1 - - [16/Nov/2023:14:29:37 +0000] "GET /permissions/2 HTTP/1.1" 200 55 "-" "PostmanRuntime/7.35.0" {"timestamp":"16/Nov/2023:10:29:37 -0400"}
info: estoy dentro del UserById Controller {"timestamp":"16/Nov/2023:10:29:40 -0400"}
info: estoy dentro del GET de ROL by ID Service {"timestamp":"16/Nov/2023:10:29:40 -0400"}
debug: prueba de si funca el debug, parece que no  {"timestamp":"16/Nov/2023:10:29:40 -0400"}
info: Alguna información relevante {"timestamp":"16/Nov/2023:10:29:40 -0400"}
info: ::1 - - [16/Nov/2023:14:29:40 +0000] "GET /permissions/1 HTTP/1.1" 200 75 "-" "PostmanRuntime/7.35.0" {"timestamp":"16/Nov/2023:10:29:40 -0400"}
info: estoy dentro del UserById Controller {"timestamp":"16/Nov/2023:10:29:42 -0400"}
info: estoy dentro del GET de ROL by ID Service {"timestamp":"16/Nov/2023:10:29:42 -0400"}
debug: prueba de si funca el debug, parece que no  {"timestamp":"16/Nov/2023:10:29:42 -0400"}
info: Alguna información relevante {"timestamp":"16/Nov/2023:10:29:42 -0400"}
info: ::1 - - [16/Nov/2023:14:29:42 +0000] "GET /permissions/3 HTTP/1.1" 200 51 "-" "PostmanRuntime/7.35.0" {"timestamp":"16/Nov/2023:10:29:42 -0400"}
info: estoy dentro del UserById Controller {"timestamp":"16/Nov/2023:10:29:46 -0400"}
info: estoy dentro del GET de ROL by ID Service {"timestamp":"16/Nov/2023:10:29:46 -0400"}
debug: prueba de si funca el debug, parece que no  {"timestamp":"16/Nov/2023:10:29:46 -0400"}
info: Alguna información relevante {"timestamp":"16/Nov/2023:10:29:46 -0400"}
error: Error de rol {"timestamp":"16/Nov/2023:10:29:46 -0400"}
info: ::1 - - [16/Nov/2023:14:29:46 +0000] "GET /permissions/4 HTTP/1.1" 404 27 "-" "PostmanRuntime/7.35.0" {"timestamp":"16/Nov/2023:10:29:46 -0400"}
info: estoy dentro del UserById Controller {"timestamp":"16/Nov/2023:10:29:49 -0400"}
info: estoy dentro del GET de ROL by ID Service {"timestamp":"16/Nov/2023:10:29:49 -0400"}
debug: prueba de si funca el debug, parece que no  {"timestamp":"16/Nov/2023:10:29:49 -0400"}
info: Alguna información relevante {"timestamp":"16/Nov/2023:10:29:49 -0400"}
error: Error de rol {"timestamp":"16/Nov/2023:10:29:49 -0400"}
info: ::1 - - [16/Nov/2023:14:29:49 +0000] "GET /permissions/4 HTTP/1.1" 404 27 "-" "PostmanRuntime/7.35.0" {"timestamp":"16/Nov/2023:10:29:49 -0400"}
info: estoy dentro del UserById Controller {"timestamp":"16/Nov/2023:10:36:44 -0400"}
info: estoy dentro del GET de PERMISSION by ID Service {"timestamp":"16/Nov/2023:10:36:44 -0400"}
debug: prueba de si funca el debug, parece que no  {"timestamp":"16/Nov/2023:10:36:44 -0400"}
info: Alguna información relevante {"timestamp":"16/Nov/2023:10:36:44 -0400"}
info: ::1 - - [16/Nov/2023:14:36:44 +0000] "GET /permissions/1 HTTP/1.1" 200 58 "-" "PostmanRuntime/7.35.0" {"timestamp":"16/Nov/2023:10:36:44 -0400"}
info: estoy dentro del UserById Controller {"timestamp":"16/Nov/2023:10:50:21 -0400"}
info: estoy dentro del GET de PERMISSION by ID Service {"timestamp":"16/Nov/2023:10:50:21 -0400"}
debug: prueba de si funca el debug, parece que no  {"timestamp":"16/Nov/2023:10:50:21 -0400"}
info: Alguna información relevante {"timestamp":"16/Nov/2023:10:50:21 -0400"}
info: ::1 - - [16/Nov/2023:14:50:21 +0000] "GET /permissions/1 HTTP/1.1" 200 58 "-" "PostmanRuntime/7.35.0" {"timestamp":"16/Nov/2023:10:50:21 -0400"}
info: estoy dentro del UserById Controller {"timestamp":"16/Nov/2023:10:50:52 -0400"}
info: estoy dentro del GET de PERMISSION by ID Service {"timestamp":"16/Nov/2023:10:50:52 -0400"}
debug: prueba de si funca el debug, parece que no  {"timestamp":"16/Nov/2023:10:50:52 -0400"}
info: Alguna información relevante {"timestamp":"16/Nov/2023:10:50:52 -0400"}
error: Error de permiso {"timestamp":"16/Nov/2023:10:50:52 -0400"}
info: ::1 - - [16/Nov/2023:14:50:52 +0000] "GET /permissions/4f56f336-9ea7-4eb1-b441-74ae759bd40b HTTP/1.1" 404 34 "-" "PostmanRuntime/7.35.0" {"timestamp":"16/Nov/2023:10:50:52 -0400"}
info: estoy dentro del UserById Controller {"timestamp":"16/Nov/2023:10:51:14 -0400"}
info: estoy dentro del GET de PERMISSION by ID Service {"timestamp":"16/Nov/2023:10:51:14 -0400"}
debug: prueba de si funca el debug, parece que no  {"timestamp":"16/Nov/2023:10:51:14 -0400"}
info: Alguna información relevante {"timestamp":"16/Nov/2023:10:51:14 -0400"}
error: Error de permiso {"timestamp":"16/Nov/2023:10:51:14 -0400"}
info: ::1 - - [16/Nov/2023:14:51:14 +0000] "GET /permissions/4f56f336-9ea7-4eb1-b441-74ae759bd40b HTTP/1.1" 404 34 "-" "PostmanRuntime/7.35.0" {"timestamp":"16/Nov/2023:10:51:14 -0400"}
info: Creando permiso en Repository {"timestamp":"16/Nov/2023:10:52:38 -0400"}
debug: Datos del nuevo permiso:  {"description":"prueba de permiso con create","name":"permiso mágico","timestamp":"16/Nov/2023:10:52:38 -0400"}
debug: Datos del nuevo Permiso:  {"description":"prueba de permiso con create","id":"875f6dd4-f9ee-40b8-afc0-eea990c1c854","name":"permiso mágico","timestamp":"16/Nov/2023:10:52:38 -0400"}
info: ::1 - - [16/Nov/2023:14:52:38 +0000] "POST /permissions/ HTTP/1.1" 201 115 "-" "PostmanRuntime/7.35.0" {"timestamp":"16/Nov/2023:10:52:38 -0400"}
info: estoy dentro del UserById Controller {"timestamp":"16/Nov/2023:10:53:13 -0400"}
info: estoy dentro del GET de PERMISSION by ID Service {"timestamp":"16/Nov/2023:10:53:13 -0400"}
debug: prueba de si funca el debug, parece que no  {"timestamp":"16/Nov/2023:10:53:13 -0400"}
info: Alguna información relevante {"timestamp":"16/Nov/2023:10:53:13 -0400"}
info: ::1 - - [16/Nov/2023:14:53:13 +0000] "GET /permissions/875f6dd4-f9ee-40b8-afc0-eea990c1c854 HTTP/1.1" 200 115 "-" "PostmanRuntime/7.35.0" {"timestamp":"16/Nov/2023:10:53:13 -0400"}
info: Actualizando información de Permiso en Repository {"timestamp":"16/Nov/2023:10:53:58 -0400"}
debug: Permiso actualizado:  {"description":"prueba de permiso con create","id":"875f6dd4-f9ee-40b8-afc0-eea990c1c854","name":"cambio del permiso mágico","timestamp":"16/Nov/2023:10:53:58 -0400"}
info: ::1 - - [16/Nov/2023:14:53:58 +0000] "PUT /permissions/875f6dd4-f9ee-40b8-afc0-eea990c1c854 HTTP/1.1" 201 126 "-" "PostmanRuntime/7.35.0" {"timestamp":"16/Nov/2023:10:53:58 -0400"}
